<?xml version="1.0" encoding="UTF-8"?>
<!-- Generated by org.testng.reporters.JUnitReportReporter -->
<testsuite hostname="WIN-5EQ15D0PMCQ" failures="0" tests="1" name="test.WebDriverHardcoreTest" time="14.630" errors="0" timestamp="2022-11-07T09:28:32 MSK" skipped="0">
  <testcase classname="test.WebDriverHardcoreTest" name="areTotalEstimatedMonthlyCostValuesOnCalculatorAndInEmailEqual" time="14.630"/>
  <system-out/>
</testsuite> <!-- test.WebDriverHardcoreTest -->
