<?xml version="1.0" encoding="UTF-8"?>
<!-- Generated by org.testng.reporters.JUnitReportReporter -->
<testsuite hostname="WIN-5EQ15D0PMCQ" failures="0" tests="5" name="test.CorrectInputTests" time="0.520" errors="0" timestamp="2022-12-06T10:15:50 MSK" skipped="0">
  <testcase classname="test.CorrectInputTests" name="isSSDInputCorrect" time="0.042"/>
  <system-out/>
  <testcase classname="test.CorrectInputTests" name="isInstanceTypeInputCorrect" time="0.098"/>
  <system-out/>
  <testcase classname="test.CorrectInputTests" name="isUsageInputCorrect" time="0.027"/>
  <system-out/>
  <testcase classname="test.CorrectInputTests" name="isLocationInputCorrect" time="0.048"/>
  <system-out/>
  <testcase classname="test.CorrectInputTests" name="isVmClassInputCorrect" time="0.305"/>
  <system-out/>
</testsuite> <!-- test.CorrectInputTests -->
