<?xml version="1.0" encoding="UTF-8"?>
<!-- Generated by org.testng.reporters.JUnitReportReporter -->
<testsuite hostname="WIN-5EQ15D0PMCQ" failures="0" tests="1" name="test.WebDriverHardcoreTest" time="10.294" errors="0" timestamp="2022-12-06T10:15:51 MSK" skipped="0">
  <testcase classname="test.WebDriverHardcoreTest" name="areTotalEstimatedMonthlyCostValuesOnCalculatorAndInEmailEqual" time="10.294"/>
  <system-out/>
</testsuite> <!-- test.WebDriverHardcoreTest -->
