<?xml version="1.0" encoding="UTF-8"?>
<!-- Generated by org.testng.reporters.JUnitReportReporter -->
<testsuite hostname="WIN-5EQ15D0PMCQ" failures="0" tests="5" name="test.CorrectInputTests" time="0.562" errors="0" timestamp="2022-12-06T10:59:17 MSK" skipped="0">
  <testcase classname="test.CorrectInputTests" name="isUsageInputCorrect" time="0.047"/>
  <system-out/>
  <testcase classname="test.CorrectInputTests" name="isLocationInputCorrect" time="0.065"/>
  <system-out/>
  <testcase classname="test.CorrectInputTests" name="isVmClassInputCorrect" time="0.265"/>
  <system-out/>
  <testcase classname="test.CorrectInputTests" name="isInstanceTypeInputCorrect" time="0.108"/>
  <system-out/>
  <testcase classname="test.CorrectInputTests" name="isSSDInputCorrect" time="0.077"/>
  <system-out/>
</testsuite> <!-- test.CorrectInputTests -->
