<?xml version="1.0" encoding="UTF-8"?>
<!-- Generated by org.testng.reporters.JUnitReportReporter -->
<testsuite hostname="WIN-5EQ15D0PMCQ" failures="0" tests="5" name="test.CorrectInputTests" time="0.600" errors="0" timestamp="2022-11-07T09:28:32 MSK" skipped="0">
  <testcase classname="test.CorrectInputTests" name="isUsageInputCorrect" time="0.030"/>
  <system-out/>
  <testcase classname="test.CorrectInputTests" name="isLocationInputCorrect" time="0.050"/>
  <system-out/>
  <testcase classname="test.CorrectInputTests" name="isInstanceTypeInputCorrect" time="0.078"/>
  <system-out/>
  <testcase classname="test.CorrectInputTests" name="isSSDInputCorrect" time="0.053"/>
  <system-out/>
  <testcase classname="test.CorrectInputTests" name="isVmClassInputCorrect" time="0.389"/>
  <system-out/>
</testsuite> <!-- test.CorrectInputTests -->
